0 info it worked if it ends with ok
1 verbose cli [ '/Users/olegpshenichniy/.nvm/versions/node/v6.10.3/bin/node',
1 verbose cli   '/Users/olegpshenichniy/.nvm/versions/node/v6.10.3/bin/npm',
1 verbose cli   'run',
1 verbose cli   'compile' ]
2 info using npm@3.10.10
3 info using node@v6.10.3
4 verbose run-script [ 'precompile', 'compile', 'postcompile' ]
5 info lifecycle @~precompile: @
6 silly lifecycle @~precompile: no script for precompile, continuing
7 info lifecycle @~compile: @
8 verbose lifecycle @~compile: unsafe-perm in lifecycle true
9 verbose lifecycle @~compile: PATH: /Users/olegpshenichniy/.nvm/versions/node/v6.10.3/lib/node_modules/npm/bin/node-gyp-bin:/Users/olegpshenichniy/PycharmProjects/superdesk_dev/superdesk/client/extensions/helloWorld2/node_modules/.bin:/Users/olegpshenichniy/.nvm/versions/node/v6.10.3/lib/node_modules/npm/bin/node-gyp-bin:/Users/olegpshenichniy/PycharmProjects/superdesk_dev/superdesk/client/node_modules/superdesk-core/node_modules/.bin:/Users/olegpshenichniy/PycharmProjects/superdesk_dev/superdesk/client/node_modules/.bin:/Users/olegpshenichniy/.nvm/versions/node/v6.10.3/lib/node_modules/npm/bin/node-gyp-bin:/Users/olegpshenichniy/PycharmProjects/superdesk_dev/superdesk/client/node_modules/superdesk-core/node_modules/.bin:/Users/olegpshenichniy/PycharmProjects/superdesk_dev/superdesk/client/node_modules/.bin:/Users/olegpshenichniy/.nvm/versions/node/v6.10.3/bin:/usr/local/Cellar/pyenv-virtualenv/1.1.3/shims:/Users/olegpshenichniy/.pyenv/shims:/Users/olegpshenichniy/bin:/Users/olegpshenichniy/Library/Android/sdk/platform-tools:/Users/olegpshenichniy/Library/Android/sdk/tools:/usr/local/bin:/usr/bin:/bin:/usr/sbin:/sbin:/Users/olegpshenichniy/PycharmProjects/sourcefabric/speedata-publisher/bin:/usr/local/Cellar/gettext/0.19.7/bin
10 verbose lifecycle @~compile: CWD: /Users/olegpshenichniy/PycharmProjects/superdesk_dev/superdesk/client/extensions/helloWorld2
11 silly lifecycle @~compile: Args: [ '-c', 'tsc' ]
12 silly lifecycle @~compile: Returned: code: 2  signal: null
13 info lifecycle @~compile: Failed to exec compile script
14 verbose stack Error: @ compile: `tsc`
14 verbose stack Exit status 2
14 verbose stack     at EventEmitter.<anonymous> (/Users/olegpshenichniy/.nvm/versions/node/v6.10.3/lib/node_modules/npm/lib/utils/lifecycle.js:255:16)
14 verbose stack     at emitTwo (events.js:106:13)
14 verbose stack     at EventEmitter.emit (events.js:191:7)
14 verbose stack     at ChildProcess.<anonymous> (/Users/olegpshenichniy/.nvm/versions/node/v6.10.3/lib/node_modules/npm/lib/utils/spawn.js:40:14)
14 verbose stack     at emitTwo (events.js:106:13)
14 verbose stack     at ChildProcess.emit (events.js:191:7)
14 verbose stack     at maybeClose (internal/child_process.js:886:16)
14 verbose stack     at Process.ChildProcess._handle.onexit (internal/child_process.js:226:5)
15 verbose pkgid @
16 verbose cwd /Users/olegpshenichniy/PycharmProjects/superdesk_dev/superdesk/client/extensions/helloWorld2
17 error Darwin 18.5.0
18 error argv "/Users/olegpshenichniy/.nvm/versions/node/v6.10.3/bin/node" "/Users/olegpshenichniy/.nvm/versions/node/v6.10.3/bin/npm" "run" "compile"
19 error node v6.10.3
20 error npm  v3.10.10
21 error code ELIFECYCLE
22 error @ compile: `tsc`
22 error Exit status 2
23 error Failed at the @ compile script 'tsc'.
23 error Make sure you have the latest version of node.js and npm installed.
23 error If you do, this is most likely a problem with the  package,
23 error not with npm itself.
23 error Tell the author that this fails on your system:
23 error     tsc
23 error You can get information on how to open an issue for this project with:
23 error     npm bugs
23 error Or if that isn't available, you can get their info via:
23 error     npm owner ls
23 error There is likely additional logging output above.
24 verbose exit [ 1, true ]
